<?xml version="1.0" encoding="UTF-8"?>
<testsuite xmlns:xsi="http://www.w3.org/2001/XMLSchema-instance" xsi:noNamespaceSchemaLocation="https://maven.apache.org/surefire/maven-surefire-plugin/xsd/surefire-test-report.xsd" name="ru.yandex.praktikum.AccountTest" time="0.796" tests="6" errors="0" skipped="0" failures="0">
  <properties>
[...]
</properties>
  <testcase name="toLongNameTest" classname="ru.yandex.praktikum.AccountTest" time="0.501"/>
  <testcase name="nameEndsWithSpaceTest" classname="ru.yandex.praktikum.AccountTest" time="0"/>
  <testcase name="nameStartsWithSpaceTest" classname="ru.yandex.praktikum.AccountTest" time="0"/>
  <testcase name="nameWithoutSpaceTest" classname="ru.yandex.praktikum.AccountTest" time="0.01"/>
  <testcase name="toShortNameTest" classname="ru.yandex.praktikum.AccountTest" time="0.002"/>
  <testcase name="correctNameTest" classname="ru.yandex.praktikum.AccountTest" time="0.005"/>
</testsuite>